Firefly Compiler v0.5.0 (FNCS)
==============================

[FNCS] Wrote phase 1 intermediate: samples/console/FidelityHelloWorld/11_Closures/target/intermediates/fncs_phase_1_structural.json
[REACHABILITY] Stats: 443 reachable, 505 unreachable (total: 948 nodes)
[FNCS] Wrote phase 4 intermediate: samples/console/FidelityHelloWorld/11_Closures/target/intermediates/fncs_phase_4_reachability.json
[FNCS] Wrote phase 5 intermediate: samples/console/FidelityHelloWorld/11_Closures/target/intermediates/fncs_phase_5_final.json
[FNCS] Wrote expression view: samples/console/FidelityHelloWorld/11_Closures/target/intermediates/fncs_expr.json
[FNCS] Wrote expression text: samples/console/FidelityHelloWorld/11_Closures/target/intermediates/fncs_expr.txt
Project: Closures
Sources: 5 files
Target:  x86_64-unknown-linux-gnu
Output:  /home/hhh/repos/Firefly/samples/console/FidelityHelloWorld/11_Closures/target/closures


[MLIR] Emission errors detected:
  ERROR: DEBUG: AfterRegion LambdaBodyRegion Node 568 - exitRegion returned 5 ops
  ERROR: DEBUG: AfterRegion LambdaBodyRegion Node 572 - exitRegion returned 14 ops
  ERROR: DEBUG: AfterRegion LambdaBodyRegion Node 589 - exitRegion returned 46 ops
  ERROR: DEBUG: AfterRegion LambdaBodyRegion Node 591 - exitRegion returned 0 ops!
  ERROR: FATAL: Lambda 'makeGreeter' (Node 591) has 0 ops in regionOps! (Key: (591, 6))
  ERROR: DEBUG: AfterRegion LambdaBodyRegion Node 636 - exitRegion returned 4 ops
  ERROR: DEBUG: AfterRegion LambdaBodyRegion Node 640 - exitRegion returned 14 ops
  ERROR: DEBUG: AfterRegion LambdaBodyRegion Node 658 - exitRegion returned 3 ops
  ERROR: DEBUG: AfterRegion LambdaBodyRegion Node 660 - exitRegion returned 0 ops!
  ERROR: FATAL: Lambda 'makeRangeChecker' (Node 660) has 0 ops in regionOps! (Key: (660, 6))
  ERROR: DEBUG: AfterRegion LambdaBodyRegion Node 181 - exitRegion returned 8 ops
  ERROR: DEBUG: AfterRegion LambdaBodyRegion Node 211 - exitRegion returned 0 ops!
  ERROR: FATAL: Lambda 'writeln' (Node 211) has 0 ops in regionOps! (Key: (211, 6))
  ERROR: DEBUG: AfterRegion LambdaBodyRegion Node 945 - exitRegion returned 17 ops


MLIR generation completed with errors (--emit-mlir)
