#-----------------------------------------------------------
# Vivado v2025.2 (64-bit)
# SW Build 6299465 on Fri Nov 14 12:34:56 MST 2025
# IP Build 6300035 on Fri Nov 14 10:48:45 MST 2025
# SharedData Build 6298862 on Thu Nov 13 04:50:51 MST 2025
# Start of session at: Wed Feb 18 15:42:04 2026
# Process ID         : 210081
# Current directory  : /home/hhh/repos/Composer
# Command line       : vivado -mode tcl -source /tmp/vivado_smoke.tcl
# Log file           : /home/hhh/repos/Composer/vivado.log
# Journal file       : /home/hhh/repos/Composer/vivado.jou
# Running On         : Z13
# Platform           : Arch
# Operating System   : Arch Linux
# Processor Detail   : AMD RYZEN AI MAX+ 395 w/ Radeon 8060S
# CPU Frequency      : 2000.000 MHz
# CPU Physical cores : 16
# CPU Logical cores  : 32
# Host memory        : 62810 MB
# Swap memory        : 4294 MB
# Total Virtual      : 67105 MB
# Available Virtual  : 56901 MB
#-----------------------------------------------------------
source /tmp/vivado_smoke.tcl
# puts "SMOKE:BEGIN"
SMOKE:BEGIN
# open_hw_manager
# puts "SMOKE:HW_MANAGER_OPEN"
SMOKE:HW_MANAGER_OPEN
# connect_hw_server
INFO: [Labtools 27-2285] Connecting to hw_server url TCP:localhost:3121
INFO: [Labtools 27-2222] Launching hw_server...
INFO: [Labtools 27-2221] Launch Output:

****** Xilinx hw_server v2025.2
  **** Build date : Oct 28 2025 at 16:07:00
    ** Copyright 1986-2022 Xilinx, Inc. All Rights Reserved.


INFO: [Labtools 27-3415] Connecting to cs_server url TCP:localhost:0
INFO: [Labtools 27-3417] Launching cs_server...
INFO: [Labtools 27-2221] Launch Output:


******** Xilinx cs_server v2025.2.0
  ****** Build date   : Nov 13 2025-18:16:52
    **** Build number : 2025.2.1763075812
      ** Copyright 2017-2022 Xilinx, Inc. All Rights Reserved.
      ** Copyright 2022-2026 Advanced Micro Devices, Inc. All Rights Reserved.



# puts "SMOKE:HW_SERVER_CONNECTED"
SMOKE:HW_SERVER_CONNECTED
# open_hw_target
INFO: [Labtoolstcl 44-466] Opening hw_target localhost:3121/xilinx_tcf/Digilent/210319BE75C3A
# puts "SMOKE:HW_TARGET_OPEN"
SMOKE:HW_TARGET_OPEN
# set devs [get_hw_devices]
# puts "SMOKE:DEVICES:$devs"
SMOKE:DEVICES:xc7a100t_0
# close_hw_manager
# puts "SMOKE:END"
SMOKE:END
# exit
INFO: [Common 17-206] Exiting Vivado at Wed Feb 18 15:42:09 2026...
